<?xml version="1.0" encoding="utf-8"?><testsuites><testsuite name="pytest" errors="0" failures="0" skipped="0" tests="27" time="1.355" timestamp="2023-08-19T12:47:55.288626" hostname="fv-az362-196"><testcase classname="tests.test_cli" name="test_exception" time="0.002" /><testcase classname="tests.test_cli" name="test_docstring" time="0.001" /><testcase classname="tests.test_cli" name="test_cli_call_help" time="0.003" /><testcase classname="tests.test_conftest" name="test_operation_create" time="0.071" /><testcase classname="tests.test_conftest" name="test_operation_dump" time="0.023" /><testcase classname="tests.test_conftest" name="test_operation_clone" time="0.037" /><testcase classname="tests.test_scm" name="test_lookup" time="0.023" /><testcase classname="tests.test_scm" name="test_handle_remote_and_local_repos" time="0.186" /><testcase classname="tests.test_script" name="test_add_arguments" time="0.002" /><testcase classname="tests.test_script" name="test_process_options" time="0.017" /><testcase classname="tests.test_script" name="test_main_make_beta" time="0.084" /><testcase classname="tests.test_script" name="test_main_make_release" time="0.089" /><testcase classname="tests.test_tools" name="test_abort_exception" time="0.001" /><testcase classname="tests.test_tools" name="test_urmtree" time="0.002" /><testcase classname="tests.test_tools" name="test_indent" time="0.001" /><testcase classname="tests.test_tools" name="test_list_of_paths" time="0.001" /><testcase classname="tests.test_tools" name="test_lstrip" time="0.001" /><testcase classname="tests.test_tools" name="test_apply_fixers" time="0.004" /><testcase classname="tests.test_tools" name="test_get_module_var" time="0.003" /><testcase classname="tests.test_tools" name="test_set_module_var" time="0.004" /><testcase classname="tests.test_tools" name="test_set_module_var_empty_file" time="0.002" /><testcase classname="tests.test_tools" name="test_bump_version" time="0.001" /><testcase classname="tests.test_tools" name="test_update_version_master" time="0.038" /><testcase classname="tests.test_tools" name="test_update_version_beta" time="0.077" /><testcase classname="tests.test_tools" name="test_update_version_release" time="0.048" /><testcase classname="tests.test_tools" name="test_process" time="0.065" /><testcase classname="tests.test_tools" name="test_process_fixers" time="0.065" /></testsuite></testsuites>